<?xml version="1.0" encoding="UTF-8"?>
<coverage generated="1726837167595" clover="3.2.0">
  <project timestamp="1726837167595" name="All files">
    <metrics statements="22" coveredstatements="21" conditionals="15" coveredconditionals="12" methods="7" coveredmethods="7" elements="44" coveredelements="40" complexity="0" loc="22" ncloc="22" packages="1" files="1" classes="1"/>
    <file name="thermostat.js" path="/Users/chris/Makers_Software_Engineering/software_development/01_learning_javascript/02_real_world_javascript/04_a_thermostat/thermostat.js">
      <metrics statements="22" coveredstatements="21" conditionals="15" coveredconditionals="12" methods="7" coveredmethods="7"/>
      <line num="3" count="13" type="stmt"/>
      <line num="4" count="13" type="stmt"/>
      <line num="5" count="13" type="stmt"/>
      <line num="6" count="13" type="stmt"/>
      <line num="10" count="5" type="stmt"/>
      <line num="14" count="8" type="cond" truecount="2" falsecount="0"/>
      <line num="15" count="8" type="cond" truecount="2" falsecount="0"/>
      <line num="16" count="4" type="stmt"/>
      <line num="18" count="8" type="stmt"/>
      <line num="22" count="1" type="cond" truecount="1" falsecount="1"/>
      <line num="23" count="1" type="stmt"/>
      <line num="25" count="1" type="stmt"/>
      <line num="29" count="3" type="stmt"/>
      <line num="30" count="3" type="cond" truecount="3" falsecount="1"/>
      <line num="31" count="0" type="stmt"/>
      <line num="36" count="1" type="stmt"/>
      <line num="40" count="6" type="cond" truecount="2" falsecount="0"/>
      <line num="41" count="1" type="stmt"/>
      <line num="43" count="5" type="cond" truecount="2" falsecount="0"/>
      <line num="44" count="3" type="stmt"/>
      <line num="46" count="2" type="stmt"/>
      <line num="51" count="1" type="stmt"/>
    </file>
  </project>
</coverage>
