{"/Users/chris/Makers_Software_Engineering/software_development/01_learning_javascript/02_real_world_javascript/04_a_thermostat/thermostat.js": {"path":"/Users/chris/Makers_Software_Engineering/software_development/01_learning_javascript/02_real_world_javascript/04_a_thermostat/thermostat.js","statementMap":{"0":{"start":{"line":3,"column":8},"end":{"line":3,"column":39}},"1":{"start":{"line":4,"column":8},"end":{"line":4,"column":36}},"2":{"start":{"line":5,"column":8},"end":{"line":5,"column":34}},"3":{"start":{"line":6,"column":8},"end":{"line":6,"column":35}},"4":{"start":{"line":10,"column":8},"end":{"line":10,"column":31}},"5":{"start":{"line":14,"column":22},"end":{"line":14,"column":89}},"6":{"start":{"line":15,"column":8},"end":{"line":17,"column":9}},"7":{"start":{"line":16,"column":12},"end":{"line":16,"column":34}},"8":{"start":{"line":18,"column":8},"end":{"line":18,"column":32}},"9":{"start":{"line":22,"column":8},"end":{"line":24,"column":9}},"10":{"start":{"line":23,"column":12},"end":{"line":23,"column":34}},"11":{"start":{"line":25,"column":8},"end":{"line":25,"column":32}},"12":{"start":{"line":29,"column":8},"end":{"line":29,"column":36}},"13":{"start":{"line":30,"column":8},"end":{"line":32,"column":9}},"14":{"start":{"line":31,"column":12},"end":{"line":31,"column":52}},"15":{"start":{"line":36,"column":8},"end":{"line":36,"column":29}},"16":{"start":{"line":40,"column":8},"end":{"line":47,"column":9}},"17":{"start":{"line":41,"column":12},"end":{"line":41,"column":31}},"18":{"start":{"line":43,"column":13},"end":{"line":47,"column":9}},"19":{"start":{"line":44,"column":12},"end":{"line":44,"column":34}},"20":{"start":{"line":46,"column":15},"end":{"line":46,"column":35}},"21":{"start":{"line":51,"column":0},"end":{"line":51,"column":27}}},"fnMap":{"0":{"name":"(anonymous_0)","decl":{"start":{"line":2,"column":4},"end":{"line":2,"column":5}},"loc":{"start":{"line":2,"column":34},"end":{"line":7,"column":5}},"line":2},"1":{"name":"(anonymous_1)","decl":{"start":{"line":9,"column":4},"end":{"line":9,"column":5}},"loc":{"start":{"line":9,"column":21},"end":{"line":11,"column":5}},"line":9},"2":{"name":"(anonymous_2)","decl":{"start":{"line":13,"column":4},"end":{"line":13,"column":5}},"loc":{"start":{"line":13,"column":9},"end":{"line":19,"column":5}},"line":13},"3":{"name":"(anonymous_3)","decl":{"start":{"line":21,"column":4},"end":{"line":21,"column":5}},"loc":{"start":{"line":21,"column":11},"end":{"line":26,"column":5}},"line":21},"4":{"name":"(anonymous_4)","decl":{"start":{"line":28,"column":4},"end":{"line":28,"column":5}},"loc":{"start":{"line":28,"column":29},"end":{"line":33,"column":5}},"line":28},"5":{"name":"(anonymous_5)","decl":{"start":{"line":35,"column":4},"end":{"line":35,"column":5}},"loc":{"start":{"line":35,"column":12},"end":{"line":37,"column":5}},"line":35},"6":{"name":"(anonymous_6)","decl":{"start":{"line":39,"column":4},"end":{"line":39,"column":5}},"loc":{"start":{"line":39,"column":12},"end":{"line":48,"column":5}},"line":39}},"branchMap":{"0":{"loc":{"start":{"line":2,"column":16},"end":{"line":2,"column":32}},"type":"default-arg","locations":[{"start":{"line":2,"column":30},"end":{"line":2,"column":32}}],"line":2},"1":{"loc":{"start":{"line":14,"column":22},"end":{"line":14,"column":89}},"type":"cond-expr","locations":[{"start":{"line":14,"column":45},"end":{"line":14,"column":65}},{"start":{"line":14,"column":68},"end":{"line":14,"column":89}}],"line":14},"2":{"loc":{"start":{"line":15,"column":8},"end":{"line":17,"column":9}},"type":"if","locations":[{"start":{"line":15,"column":8},"end":{"line":17,"column":9}},{"start":{},"end":{}}],"line":15},"3":{"loc":{"start":{"line":22,"column":8},"end":{"line":24,"column":9}},"type":"if","locations":[{"start":{"line":22,"column":8},"end":{"line":24,"column":9}},{"start":{},"end":{}}],"line":22},"4":{"loc":{"start":{"line":30,"column":8},"end":{"line":32,"column":9}},"type":"if","locations":[{"start":{"line":30,"column":8},"end":{"line":32,"column":9}},{"start":{},"end":{}}],"line":30},"5":{"loc":{"start":{"line":30,"column":11},"end":{"line":30,"column":74}},"type":"binary-expr","locations":[{"start":{"line":30,"column":11},"end":{"line":30,"column":31}},{"start":{"line":30,"column":35},"end":{"line":30,"column":74}}],"line":30},"6":{"loc":{"start":{"line":40,"column":8},"end":{"line":47,"column":9}},"type":"if","locations":[{"start":{"line":40,"column":8},"end":{"line":47,"column":9}},{"start":{"line":43,"column":13},"end":{"line":47,"column":9}}],"line":40},"7":{"loc":{"start":{"line":43,"column":13},"end":{"line":47,"column":9}},"type":"if","locations":[{"start":{"line":43,"column":13},"end":{"line":47,"column":9}},{"start":{"line":46,"column":13},"end":{"line":47,"column":9}}],"line":43}},"s":{"0":13,"1":13,"2":13,"3":13,"4":5,"5":8,"6":8,"7":4,"8":8,"9":1,"10":1,"11":1,"12":3,"13":3,"14":0,"15":1,"16":6,"17":1,"18":5,"19":3,"20":2,"21":1},"f":{"0":13,"1":5,"2":8,"3":1,"4":3,"5":1,"6":6},"b":{"0":[0],"1":[7,1],"2":[4,4],"3":[1,0],"4":[0,3],"5":[3,2],"6":[1,5],"7":[3,2]},"_coverageSchema":"1a1c01bbd47fc00a2c39e90264f33305004495a9","hash":"8cfa074c1193338affe1bfb3f1cad17d9562d624"}
}
