TN:
SF:thermostat.js
FN:2,(anonymous_0)
FN:9,(anonymous_1)
FN:13,(anonymous_2)
FN:21,(anonymous_3)
FN:28,(anonymous_4)
FN:35,(anonymous_5)
FN:39,(anonymous_6)
FNF:7
FNH:7
FNDA:13,(anonymous_0)
FNDA:5,(anonymous_1)
FNDA:8,(anonymous_2)
FNDA:1,(anonymous_3)
FNDA:3,(anonymous_4)
FNDA:1,(anonymous_5)
FNDA:6,(anonymous_6)
DA:3,13
DA:4,13
DA:5,13
DA:6,13
DA:10,5
DA:14,8
DA:15,8
DA:16,4
DA:18,8
DA:22,1
DA:23,1
DA:25,1
DA:29,3
DA:30,3
DA:31,0
DA:36,1
DA:40,6
DA:41,1
DA:43,5
DA:44,3
DA:46,2
DA:51,1
LF:22
LH:21
BRDA:2,0,0,0
BRDA:14,1,0,7
BRDA:14,1,1,1
BRDA:15,2,0,4
BRDA:15,2,1,4
BRDA:22,3,0,1
BRDA:22,3,1,0
BRDA:30,4,0,0
BRDA:30,4,1,3
BRDA:30,5,0,3
BRDA:30,5,1,2
BRDA:40,6,0,1
BRDA:40,6,1,5
BRDA:43,7,0,3
BRDA:43,7,1,2
BRF:15
BRH:12
end_of_record
